<?xml version="1.0" encoding="UTF-8"?>
<!-- Generated by org.testng.reporters.JUnitReportReporter -->
<testsuite skipped="0" hostname="My-PC" name="selenium_mj.jenkins1" tests="2" failures="0" timestamp="06 Jan 2020 17:42:30 GMT" time="0.019" errors="0">
  <testcase name="test1" time="0.015" classname="selenium_mj.jenkins1"/>
  <testcase name="App2" time="0.004" classname="selenium_mj.jenkins1"/>
</testsuite> <!-- selenium_mj.jenkins1 -->
