<?xml version="1.0" encoding="UTF-8"?>
<!-- Generated by org.testng.reporters.JUnitReportReporter -->
<testsuite skipped="0" hostname="My-PC" name="maven_testng.test_class1" tests="1" failures="0" timestamp="05 Jan 2020 20:08:14 GMT" time="7.271" errors="0">
  <testcase name="launch_chrome" time="7.271" classname="maven_testng.test_class1"/>
</testsuite> <!-- maven_testng.test_class1 -->
