<?xml version="1.0" encoding="UTF-8"?>
<!-- Generated by org.testng.reporters.JUnitReportReporter -->
<testsuite skipped="0" hostname="My-PC" name="practse_maven.demo1" tests="2" failures="0" timestamp="06 Jan 2020 17:31:29 GMT" time="0.078" errors="0">
  <testcase name="test1" time="0.039" classname="practse_maven.demo1"/>
  <testcase name="test2" time="0.039" classname="practse_maven.demo1"/>
</testsuite> <!-- practse_maven.demo1 -->
