<?xml version="1.0" encoding="UTF-8"?>
<!-- Generated by org.testng.reporters.JUnitReportReporter -->
<testsuite skipped="0" hostname="My-PC" name="maven_testng.testclass_2" tests="1" failures="0" timestamp="05 Jan 2020 20:08:14 GMT" time="11.080" errors="0">
  <testcase name="browser" time="11.080" classname="maven_testng.testclass_2"/>
</testsuite> <!-- maven_testng.testclass_2 -->
