<?xml version="1.0" encoding="UTF-8"?>
<!-- Generated by org.testng.reporters.JUnitReportReporter -->
<testsuite skipped="0" hostname="My-PC" name="selenium_mj.jenkins2" tests="2" failures="0" timestamp="06 Jan 2020 15:08:33 GMT" time="0.009" errors="0">
  <testcase name="test_sample" time="0.003" classname="selenium_mj.jenkins2"/>
  <testcase name="test2" time="0.006" classname="selenium_mj.jenkins2"/>
</testsuite> <!-- selenium_mj.jenkins2 -->
